<?xml version="1.0" encoding="UTF-8"?>
<!-- Generated by org.testng.reporters.JUnitReportReporter -->
<testsuite hostname="L3460-H1WD4C2" name="com.hrms.testscripts.TC_004" tests="1" failures="0" timestamp="29 Jul 2021 14:49:35 GMT" time="22.078" errors="0">
  <testcase name="tc004" time="22.078" classname="com.hrms.testscripts.TC_004"/>
</testsuite> <!-- com.hrms.testscripts.TC_004 -->
