<?xml version="1.0" encoding="UTF-8"?>
<!-- Generated by org.testng.reporters.JUnitReportReporter -->
<testsuite hostname="L3460-H1WD4C2" name="com.hrms.testscripts.TC_001" tests="1" failures="0" timestamp="29 Jul 2021 14:49:35 GMT" time="83.756" errors="0">
  <testcase name="tc001" time="83.756" classname="com.hrms.testscripts.TC_001"/>
</testsuite> <!-- com.hrms.testscripts.TC_001 -->
