<?xml version="1.0" encoding="UTF-8"?>
<!-- Generated by org.testng.reporters.JUnitReportReporter -->
<testsuite hostname="L3460-H1WD4C2" name="com.hrms.testscripts.TC_003" tests="1" failures="0" timestamp="29 Jul 2021 14:49:35 GMT" time="40.036" errors="0">
  <testcase name="tc003" time="40.036" classname="com.hrms.testscripts.TC_003"/>
</testsuite> <!-- com.hrms.testscripts.TC_003 -->
